<?xml version="1.0" encoding="UTF-8"?>
<!-- Generated by org.testng.reporters.JUnitXMLReporter -->
<testsuite ignored="0" hostname="Indranil-Sharmistha" failures="0" tests="6" name="Default test" time="10.821" errors="0" timestamp="2024-01-21T03:11:37 IST">
  <testcase classname="api.test.DDTests" name="testPostuser" time="3.098"/>
  <testcase classname="api.test.DDTests" name="testPostuser" time="1.25"/>
  <testcase classname="api.test.DDTests" name="testPostuser" time="1.157"/>
  <testcase classname="api.test.DDTests" name="testDeleteUserByName" time="1.278"/>
  <testcase classname="api.test.DDTests" name="testDeleteUserByName" time="1.236"/>
  <testcase classname="api.test.DDTests" name="testDeleteUserByName" time="1.221"/>
</testsuite> <!-- Default test -->
