<?xml version="1.0" encoding="UTF-8"?>
<testsuite xmlns:xsi="http://www.w3.org/2001/XMLSchema-instance" xsi:noNamespaceSchemaLocation="https://maven.apache.org/surefire/maven-surefire-plugin/xsd/surefire-test-report-3.0.xsd" version="3.0" name="TestSuite" time="13.248" tests="4" errors="0" skipped="0" failures="0">
  <properties>
[...]
</properties>
  <testcase name="testPostUser" classname="api.test.UserTests2" time="4.65">
    <system-out><![CDATA[19:59:48.499 [main] INFO  api.test.UserTests2 - *********Create User**********
HTTP/1.1 200 OK
Date: Mon, 22 Jan 2024 14:29:53 GMT
Content-Type: application/json
Transfer-Encoding: chunked
Connection: keep-alive
Access-Control-Allow-Origin: *
Access-Control-Allow-Methods: GET, POST, DELETE, PUT
Access-Control-Allow-Headers: Content-Type, api_key, Authorization
Server: Jetty(9.2.9.v20150224)

{
    "code": 200,
    "type": "unknown",
    "message": "1595938139"
}
19:59:53.126 [main] INFO  api.test.UserTests2 - *********User Created**********
]]></system-out>
    <system-err><![CDATA[SLF4J: Failed to load class "org.slf4j.impl.StaticLoggerBinder".
SLF4J: Defaulting to no-operation (NOP) logger implementation
SLF4J: See http://www.slf4j.org/codes.html#StaticLoggerBinder for further details.
]]></system-err>
  </testcase>
  <testcase name="testGetUserByName" classname="api.test.UserTests2" time="1.231">
    <system-out><![CDATA[19:59:53.145 [main] INFO  api.test.UserTests2 - *********Reading User Info***********
HTTP/1.1 200 OK
Date: Mon, 22 Jan 2024 14:29:55 GMT
Content-Type: application/json
Transfer-Encoding: chunked
Connection: keep-alive
Access-Control-Allow-Origin: *
Access-Control-Allow-Methods: GET, POST, DELETE, PUT
Access-Control-Allow-Headers: Content-Type, api_key, Authorization
Server: Jetty(9.2.9.v20150224)

{
    "id": 1595938139,
    "username": "callie.armstrong",
    "firstName": "Enda",
    "lastName": "Littel",
    "email": "twana.corwin@example.com",
    "password": "rva70t",
    "phone": "703.792.8445",
    "userStatus": 0
}
19:59:54.375 [main] INFO  api.test.UserTests2 - *********Reading User Info Ends**********
]]></system-out>
  </testcase>
  <testcase name="testUpdateByName" classname="api.test.UserTests2" time="2.489">
    <system-out><![CDATA[19:59:54.378 [main] INFO  api.test.UserTests2 - *********Update User Info**********
{
    "code": 200,
    "type": "unknown",
    "message": "1595938139"
}
19:59:56.866 [main] INFO  api.test.UserTests2 - *********User Info Updated**********
]]></system-out>
  </testcase>
  <testcase name="testDeleteUserName" classname="api.test.UserTests2" time="1.214">
    <system-out><![CDATA[19:59:56.869 [main] INFO  api.test.UserTests2 - *********Delete User**********
19:59:58.081 [main] INFO  api.test.UserTests2 - *********Deleted User**********
]]></system-out>
  </testcase>
</testsuite>