<?xml version="1.0" encoding="UTF-8"?>
<testng-results ignored="0" total="4" passed="4" failed="0" skipped="0">
  <reporter-output>
  </reporter-output>
  <suite started-at="2024-01-22T19:59:46 IST" name="PetSuite" finished-at="2024-01-22T19:59:58 IST" duration-ms="11653">
    <groups>
    </groups>
    <test started-at="2024-01-22T19:59:46 IST" name="PetTests" finished-at="2024-01-22T19:59:58 IST" duration-ms="11653">
      <class name="api.test.UserTests2">
        <test-method is-config="true" signature="setupData()[pri:0, instance:api.test.UserTests2@20deea7f]" started-at="2024-01-22T19:59:47 IST" name="setupData" finished-at="2024-01-22T19:59:48 IST" duration-ms="1464" status="PASS">
          <reporter-output>
          </reporter-output>
        </test-method> <!-- setupData -->
        <test-method signature="testPostUser()[pri:1, instance:api.test.UserTests2@20deea7f]" started-at="2024-01-22T19:59:48 IST" name="testPostUser" finished-at="2024-01-22T19:59:53 IST" duration-ms="4636" status="PASS">
          <reporter-output>
          </reporter-output>
        </test-method> <!-- testPostUser -->
        <test-method signature="testGetUserByName()[pri:2, instance:api.test.UserTests2@20deea7f]" started-at="2024-01-22T19:59:53 IST" name="testGetUserByName" finished-at="2024-01-22T19:59:54 IST" duration-ms="1232" status="PASS">
          <reporter-output>
          </reporter-output>
        </test-method> <!-- testGetUserByName -->
        <test-method signature="testUpdateByName()[pri:3, instance:api.test.UserTests2@20deea7f]" started-at="2024-01-22T19:59:54 IST" name="testUpdateByName" finished-at="2024-01-22T19:59:56 IST" duration-ms="2489" status="PASS">
          <reporter-output>
          </reporter-output>
        </test-method> <!-- testUpdateByName -->
        <test-method signature="testDeleteUserName()[pri:4, instance:api.test.UserTests2@20deea7f]" started-at="2024-01-22T19:59:56 IST" name="testDeleteUserName" finished-at="2024-01-22T19:59:58 IST" duration-ms="1214" status="PASS">
          <reporter-output>
          </reporter-output>
        </test-method> <!-- testDeleteUserName -->
      </class> <!-- api.test.UserTests2 -->
    </test> <!-- PetTests -->
  </suite> <!-- PetSuite -->
</testng-results>
