<?xml version="1.0" encoding="UTF-8"?>
<testng-results ignored="0" total="4" passed="4" failed="0" skipped="0">
  <reporter-output>
  </reporter-output>
  <suite started-at="2024-01-22T18:51:39 IST" name="PetSuite" finished-at="2024-01-22T18:51:50 IST" duration-ms="10399">
    <groups>
    </groups>
    <test started-at="2024-01-22T18:51:39 IST" name="PetTests" finished-at="2024-01-22T18:51:50 IST" duration-ms="10399">
      <class name="api.test.UserTests2">
        <test-method is-config="true" signature="setupData()[pri:0, instance:api.test.UserTests2@4c371370]" started-at="2024-01-22T18:51:40 IST" name="setupData" finished-at="2024-01-22T18:51:40 IST" duration-ms="886" status="PASS">
          <reporter-output>
          </reporter-output>
        </test-method> <!-- setupData -->
        <test-method signature="testPostUser()[pri:1, instance:api.test.UserTests2@4c371370]" started-at="2024-01-22T18:51:41 IST" name="testPostUser" finished-at="2024-01-22T18:51:45 IST" duration-ms="4196" status="PASS">
          <reporter-output>
          </reporter-output>
        </test-method> <!-- testPostUser -->
        <test-method signature="testGetUserByName()[pri:2, instance:api.test.UserTests2@4c371370]" started-at="2024-01-22T18:51:45 IST" name="testGetUserByName" finished-at="2024-01-22T18:51:46 IST" duration-ms="1316" status="PASS">
          <reporter-output>
          </reporter-output>
        </test-method> <!-- testGetUserByName -->
        <test-method signature="testUpdateByName()[pri:3, instance:api.test.UserTests2@4c371370]" started-at="2024-01-22T18:51:46 IST" name="testUpdateByName" finished-at="2024-01-22T18:51:48 IST" duration-ms="2426" status="PASS">
          <reporter-output>
          </reporter-output>
        </test-method> <!-- testUpdateByName -->
        <test-method signature="testDeleteUserName()[pri:4, instance:api.test.UserTests2@4c371370]" started-at="2024-01-22T18:51:48 IST" name="testDeleteUserName" finished-at="2024-01-22T18:51:50 IST" duration-ms="1155" status="PASS">
          <reporter-output>
          </reporter-output>
        </test-method> <!-- testDeleteUserName -->
      </class> <!-- api.test.UserTests2 -->
    </test> <!-- PetTests -->
  </suite> <!-- PetSuite -->
</testng-results>
