<?xml version="1.0" encoding="UTF-8"?>
<!-- Generated by org.testng.reporters.JUnitXMLReporter -->
<testsuite ignored="0" hostname="Indranil-Sharmistha" failures="0" tests="4" name="PetTests" time="11.653" errors="0" timestamp="2024-01-22T19:59:58 IST">
  <testcase classname="api.test.UserTests2" name="testPostUser" time="4.636"/>
  <testcase classname="api.test.UserTests2" name="testGetUserByName" time="1.232"/>
  <testcase classname="api.test.UserTests2" name="testUpdateByName" time="2.489"/>
  <testcase classname="api.test.UserTests2" name="testDeleteUserName" time="1.214"/>
</testsuite> <!-- PetTests -->
